\BOOKMARK [0][-]{chapter.1}{Introduction}{}% 1
\BOOKMARK [1][-]{section.1.1}{Epigenetics}{chapter.1}% 2
\BOOKMARK [2][-]{subsection.1.1.1}{DNA Methylation}{section.1.1}% 3
\BOOKMARK [2][-]{subsection.1.1.2}{Regulatory Elements}{section.1.1}% 4
\BOOKMARK [1][-]{section.1.2}{EpiRegioDB}{chapter.1}% 5
\BOOKMARK [2][-]{subsection.1.2.1}{Regulatory Elements in EpiRegioDB}{section.1.2}% 6
\BOOKMARK [1][-]{section.1.3}{Gene regulation}{chapter.1}% 7
\BOOKMARK [2][-]{subsection.1.3.1}{Gene Regulatory Network}{section.1.3}% 8
\BOOKMARK [1][-]{section.1.4}{Dysregulation of DNA methylation in cancer}{chapter.1}% 9
\BOOKMARK [0][-]{chapter.2}{Methods}{}% 10
\BOOKMARK [1][-]{section.2.1}{Packages}{chapter.2}% 11
\BOOKMARK [2][-]{subsection.2.1.1}{Dash}{section.2.1}% 12
\BOOKMARK [2][-]{subsection.2.1.2}{Graph-tool}{section.2.1}% 13
\BOOKMARK [2][-]{subsection.2.1.3}{DysRegNet}{section.2.1}% 14
\BOOKMARK [2][-]{subsection.2.1.4}{LOLA}{section.2.1}% 15
\BOOKMARK [1][-]{section.2.2}{Network generation and data preparation}{chapter.2}% 16
\BOOKMARK [2][-]{subsection.2.2.1}{Graph-files}{section.2.2}% 17
\BOOKMARK [2][-]{subsection.2.2.2}{CpG-mapping and beta values}{section.2.2}% 18
\BOOKMARK [0][-]{chapter.3}{Results}{}% 19
\BOOKMARK [1][-]{section.3.1}{Network}{chapter.3}% 20
\BOOKMARK [1][-]{section.3.2}{Web application}{chapter.3}% 21
\BOOKMARK [2][-]{subsection.3.2.1}{Structure}{section.3.2}% 22
\BOOKMARK [2][-]{subsection.3.2.2}{Selection}{section.3.2}% 23
\BOOKMARK [2][-]{subsection.3.2.3}{Visualisation}{section.3.2}% 24
\BOOKMARK [2][-]{subsection.3.2.4}{Filtering}{section.3.2}% 25
\BOOKMARK [1][-]{section.3.3}{Use case}{chapter.3}% 26
\BOOKMARK [2][-]{subsection.3.3.1}{Breast Cancer}{section.3.3}% 27
\BOOKMARK [2][-]{subsection.3.3.2}{DysRegNet}{section.3.3}% 28
\BOOKMARK [2][-]{subsection.3.3.3}{LOLA enrichment}{section.3.3}% 29
\BOOKMARK [0][-]{chapter.4}{Discussion}{}% 30
\BOOKMARK [0][-]{chapter.4}{References}{}% 31
\BOOKMARK [0][-]{chapter.1}{Appendix}{}% 32
\BOOKMARK [1][-]{section.1.1}{Figures}{chapter.1}% 33
